<?xml version="1.0" encoding="UTF-8"?>
<!-- Generated by org.testng.reporters.JUnitXMLReporter -->
<testsuite ignored="0" hostname="Deepak" failures="1" tests="1" name="EdgeTest" time="20.672" errors="0" timestamp="2024-03-09T18:48:28 IST">
  <testcase classname="testcases.TC1_FlipkartLaptopBuy" name="laptpbuying" time="10.106">
    <failure type="org.openqa.selenium.StaleElementReferenceException" message="stale element reference: stale element not found
  (Session info: MicrosoftEdge=122.0.2365.66)
For documentation on this error, please visit: https://www.selenium.dev/documentation/webdriver/troubleshooting/errors#stale-element-reference-exception
Build info: version: &amp;apos;4.15.0&amp;apos;, revision: &amp;apos;1d14b5521b&amp;apos;
System info: os.name: &amp;apos;Windows 10&amp;apos;, os.arch: &amp;apos;amd64&amp;apos;, os.version: &amp;apos;10.0&amp;apos;, java.version: &amp;apos;17.0.10&amp;apos;
Driver info: org.openqa.selenium.edge.EdgeDriver
Command: [7804197dff69c98cd2b6e77ceb02f52f, sendKeysToElement {id=f.51937EB8CDAB427282FF0B381C14AEE3.d.F347962C66419F2A7716F8474DB43AF4.e.79, value=[Ljava.lang.CharSequence;@1dcbcd4b}]
Capabilities {acceptInsecureCerts: false, browserName: MicrosoftEdge, browserVersion: 122.0.2365.66, fedcm:accounts: true, ms:edgeOptions: {debuggerAddress: localhost:58790}, msedge: {msedgedriverVersion: 122.0.2365.80 (bfff41c27eb2..., userDataDir: C:\Windows\SystemTemp\scope...}, networkConnectionEnabled: false, pageLoadStrategy: normal, platformName: windows, proxy: Proxy(), se:cdp: ws://localhost:58790/devtoo..., se:cdpVersion: 122.0.2365.66, setWindowRect: true, strictFileInteractability: false, timeouts: {implicit: 0, pageLoad: 300000, script: 30000}, unhandledPromptBehavior: dismiss and notify, webauthn:extension:credBlob: true, webauthn:extension:largeBlob: true, webauthn:extension:minPinLength: true, webauthn:extension:prf: true, webauthn:virtualAuthenticators: true}
Element: [[EdgeDriver: MicrosoftEdge on windows (7804197dff69c98cd2b6e77ceb02f52f)] -&amp;gt; xpath: //input[@placeholder=&amp;apos;Search for Products, Brands and More&amp;apos;]]
Session ID: 7804197dff69c98cd2b6e77ceb02f52f">
      <![CDATA[org.openqa.selenium.StaleElementReferenceException: stale element reference: stale element not found
  (Session info: MicrosoftEdge=122.0.2365.66)
For documentation on this error, please visit: https://www.selenium.dev/documentation/webdriver/troubleshooting/errors#stale-element-reference-exception
Build info: version: '4.15.0', revision: '1d14b5521b'
System info: os.name: 'Windows 10', os.arch: 'amd64', os.version: '10.0', java.version: '17.0.10'
Driver info: org.openqa.selenium.edge.EdgeDriver
Command: [7804197dff69c98cd2b6e77ceb02f52f, sendKeysToElement {id=f.51937EB8CDAB427282FF0B381C14AEE3.d.F347962C66419F2A7716F8474DB43AF4.e.79, value=[Ljava.lang.CharSequence;@1dcbcd4b}]
Capabilities {acceptInsecureCerts: false, browserName: MicrosoftEdge, browserVersion: 122.0.2365.66, fedcm:accounts: true, ms:edgeOptions: {debuggerAddress: localhost:58790}, msedge: {msedgedriverVersion: 122.0.2365.80 (bfff41c27eb2..., userDataDir: C:\Windows\SystemTemp\scope...}, networkConnectionEnabled: false, pageLoadStrategy: normal, platformName: windows, proxy: Proxy(), se:cdp: ws://localhost:58790/devtoo..., se:cdpVersion: 122.0.2365.66, setWindowRect: true, strictFileInteractability: false, timeouts: {implicit: 0, pageLoad: 300000, script: 30000}, unhandledPromptBehavior: dismiss and notify, webauthn:extension:credBlob: true, webauthn:extension:largeBlob: true, webauthn:extension:minPinLength: true, webauthn:extension:prf: true, webauthn:virtualAuthenticators: true}
Element: [[EdgeDriver: MicrosoftEdge on windows (7804197dff69c98cd2b6e77ceb02f52f)] -> xpath: //input[@placeholder='Search for Products, Brands and More']]
Session ID: 7804197dff69c98cd2b6e77ceb02f52f
at org.openqa.selenium.remote.codec.w3c.W3CHttpResponseCodec.createException(W3CHttpResponseCodec.java:200)
at org.openqa.selenium.remote.codec.w3c.W3CHttpResponseCodec.decode(W3CHttpResponseCodec.java:133)
at org.openqa.selenium.remote.codec.w3c.W3CHttpResponseCodec.decode(W3CHttpResponseCodec.java:52)
at org.openqa.selenium.remote.HttpCommandExecutor.execute(HttpCommandExecutor.java:191)
at org.openqa.selenium.remote.service.DriverCommandExecutor.invokeExecute(DriverCommandExecutor.java:200)
at org.openqa.selenium.remote.service.DriverCommandExecutor.execute(DriverCommandExecutor.java:175)
at org.openqa.selenium.remote.RemoteWebDriver.execute(RemoteWebDriver.java:607)
at org.openqa.selenium.remote.RemoteWebElement.execute(RemoteWebElement.java:224)
at org.openqa.selenium.remote.RemoteWebElement.sendKeys(RemoteWebElement.java:111)
at org.openqa.selenium.support.pagefactory.internal.LocatingElementHandler.invoke(LocatingElementHandler.java:51)
at jdk.proxy2/jdk.proxy2.$Proxy13.sendKeys(Unknown Source)
at generics.BasePage.enter(BasePage.java:100)
at pages.FlipkartHomePage.SearchLaptopmethod(FlipkartHomePage.java:60)
at testcases.TC1_FlipkartLaptopBuy.laptpbuying(TC1_FlipkartLaptopBuy.java:14)
at java.base/java.util.ArrayList.forEach(ArrayList.java:1511)
at java.base/java.util.concurrent.FutureTask.run(FutureTask.java:264)
at java.base/java.util.concurrent.ThreadPoolExecutor.runWorker(ThreadPoolExecutor.java:1136)
at java.base/java.util.concurrent.ThreadPoolExecutor$Worker.run(ThreadPoolExecutor.java:635)
at java.base/java.lang.Thread.run(Thread.java:840)
... Removed 26 stack frames]]>
    </failure>
  </testcase> <!-- laptpbuying -->
</testsuite> <!-- EdgeTest -->
