<?xml version="1.0" encoding="UTF-8"?>
<testng-results ignored="0" total="2" passed="2" failed="0" skipped="0">
  <reporter-output>
  </reporter-output>
  <suite started-at="2024-03-10T17:32:43 IST" name="Suite" finished-at="2024-03-10T17:33:26 IST" duration-ms="43063">
    <groups>
    </groups>
    <test started-at="2024-03-10T17:32:43 IST" name="ChromeTest" finished-at="2024-03-10T17:33:03 IST" duration-ms="20512">
      <class name="testcases.TC1_FlipkartLaptopBuy">
        <test-method is-config="true" signature="setup(java.lang.String)[pri:0, instance:testcases.TC1_FlipkartLaptopBuy@6bbe85a8]" started-at="2024-03-10T17:32:43 IST" name="setup" finished-at="2024-03-10T17:32:48 IST" duration-ms="5181" status="PASS">
          <params>
            <param index="0">
              <value>
                <![CDATA[chrome]]>
              </value>
            </param>
          </params>
          <reporter-output>
          </reporter-output>
        </test-method> <!-- setup -->
        <test-method signature="laptpbuying()[pri:0, instance:testcases.TC1_FlipkartLaptopBuy@6bbe85a8]" started-at="2024-03-10T17:32:48 IST" name="laptpbuying" finished-at="2024-03-10T17:33:03 IST" duration-ms="14929" status="PASS">
          <reporter-output>
          </reporter-output>
        </test-method> <!-- laptpbuying -->
        <test-method is-config="true" signature="teardown()[pri:0, instance:testcases.TC1_FlipkartLaptopBuy@6bbe85a8]" started-at="2024-03-10T17:33:03 IST" name="teardown" finished-at="2024-03-10T17:33:03 IST" duration-ms="318" status="PASS">
          <reporter-output>
          </reporter-output>
        </test-method> <!-- teardown -->
      </class> <!-- testcases.TC1_FlipkartLaptopBuy -->
    </test> <!-- ChromeTest -->
    <test started-at="2024-03-10T17:33:03 IST" name="EdgeTest" finished-at="2024-03-10T17:33:26 IST" duration-ms="22480">
      <class name="testcases.TC1_FlipkartLaptopBuy">
        <test-method is-config="true" signature="setup(java.lang.String)[pri:0, instance:testcases.TC1_FlipkartLaptopBuy@7e057f43]" started-at="2024-03-10T17:33:03 IST" name="setup" finished-at="2024-03-10T17:33:10 IST" duration-ms="6315" status="PASS">
          <params>
            <param index="0">
              <value>
                <![CDATA[edge]]>
              </value>
            </param>
          </params>
          <reporter-output>
          </reporter-output>
        </test-method> <!-- setup -->
        <test-method signature="laptpbuying()[pri:0, instance:testcases.TC1_FlipkartLaptopBuy@7e057f43]" started-at="2024-03-10T17:33:10 IST" name="laptpbuying" finished-at="2024-03-10T17:33:26 IST" duration-ms="15859" status="PASS">
          <reporter-output>
          </reporter-output>
        </test-method> <!-- laptpbuying -->
        <test-method is-config="true" signature="teardown()[pri:0, instance:testcases.TC1_FlipkartLaptopBuy@7e057f43]" started-at="2024-03-10T17:33:26 IST" name="teardown" finished-at="2024-03-10T17:33:26 IST" duration-ms="301" status="PASS">
          <reporter-output>
          </reporter-output>
        </test-method> <!-- teardown -->
      </class> <!-- testcases.TC1_FlipkartLaptopBuy -->
    </test> <!-- EdgeTest -->
  </suite> <!-- Suite -->
</testng-results>
