<?xml version="1.0" encoding="UTF-8"?>
<testng-results ignored="0" total="2" passed="2" failed="0" skipped="0">
  <reporter-output>
  </reporter-output>
  <suite started-at="2024-03-30T15:15:46 IST" name="Suite" finished-at="2024-03-30T15:16:30 IST" duration-ms="44204">
    <groups>
    </groups>
    <test started-at="2024-03-30T15:15:46 IST" name="ChromeTest" finished-at="2024-03-30T15:16:06 IST" duration-ms="19869">
      <class name="testcases.TC1_FlipkartLaptopBuy">
        <test-method is-config="true" signature="setup(java.lang.String)[pri:0, instance:testcases.TC1_FlipkartLaptopBuy@6bbe85a8]" started-at="2024-03-30T15:15:46 IST" name="setup" finished-at="2024-03-30T15:15:51 IST" duration-ms="5291" status="PASS">
          <params>
            <param index="0">
              <value>
                <![CDATA[chrome]]>
              </value>
            </param>
          </params>
          <reporter-output>
          </reporter-output>
        </test-method> <!-- setup -->
        <test-method signature="laptpbuying()[pri:0, instance:testcases.TC1_FlipkartLaptopBuy@6bbe85a8]" started-at="2024-03-30T15:15:51 IST" name="laptpbuying" finished-at="2024-03-30T15:16:06 IST" duration-ms="14249" status="PASS">
          <reporter-output>
          </reporter-output>
        </test-method> <!-- laptpbuying -->
        <test-method is-config="true" signature="teardown()[pri:0, instance:testcases.TC1_FlipkartLaptopBuy@6bbe85a8]" started-at="2024-03-30T15:16:06 IST" name="teardown" finished-at="2024-03-30T15:16:06 IST" duration-ms="254" status="PASS">
          <reporter-output>
          </reporter-output>
        </test-method> <!-- teardown -->
      </class> <!-- testcases.TC1_FlipkartLaptopBuy -->
    </test> <!-- ChromeTest -->
    <test started-at="2024-03-30T15:16:06 IST" name="EdgeTest" finished-at="2024-03-30T15:16:30 IST" duration-ms="24264">
      <class name="testcases.TC1_FlipkartLaptopBuy">
        <test-method is-config="true" signature="setup(java.lang.String)[pri:0, instance:testcases.TC1_FlipkartLaptopBuy@7e057f43]" started-at="2024-03-30T15:16:06 IST" name="setup" finished-at="2024-03-30T15:16:14 IST" duration-ms="8297" status="PASS">
          <params>
            <param index="0">
              <value>
                <![CDATA[edge]]>
              </value>
            </param>
          </params>
          <reporter-output>
          </reporter-output>
        </test-method> <!-- setup -->
        <test-method signature="laptpbuying()[pri:0, instance:testcases.TC1_FlipkartLaptopBuy@7e057f43]" started-at="2024-03-30T15:16:14 IST" name="laptpbuying" finished-at="2024-03-30T15:16:30 IST" duration-ms="15608" status="PASS">
          <reporter-output>
          </reporter-output>
        </test-method> <!-- laptpbuying -->
        <test-method is-config="true" signature="teardown()[pri:0, instance:testcases.TC1_FlipkartLaptopBuy@7e057f43]" started-at="2024-03-30T15:16:30 IST" name="teardown" finished-at="2024-03-30T15:16:30 IST" duration-ms="350" status="PASS">
          <reporter-output>
          </reporter-output>
        </test-method> <!-- teardown -->
      </class> <!-- testcases.TC1_FlipkartLaptopBuy -->
    </test> <!-- EdgeTest -->
  </suite> <!-- Suite -->
</testng-results>
